<?xml version="1.0" encoding="UTF-8"?>
<!-- Generated by org.testng.reporters.JUnitXMLReporter -->
<testsuite ignored="0" hostname="Amar" failures="1" tests="1" name="Default test" time="47.075" errors="0" timestamp="2024-06-10T22:37:51 IST">
  <testcase classname="io.cucumber.testng.AbstractTestNGCucumberTests" name="runScenario" time="45.687">
    <failure type="java.lang.NullPointerException" message="Cannot invoke &amp;quot;org.openqa.selenium.WebElement.getText()&amp;quot; because &amp;quot;this.username&amp;quot; is null">
      <![CDATA[java.lang.NullPointerException: Cannot invoke "org.openqa.selenium.WebElement.getText()" because "this.username" is null
at pageObjects.UserProfile.validateUserDetails(UserProfile.java:18)
at stepDefinitions.UsersStepDefinition.verify_the_user_details(UsersStepDefinition.java:53)
at âœ½.verify the user details(file:///C:/Users/amarv/eclipse-workspace/BDDCucumberSeleniumJava/src/test/resources/features/users.feature:11)
]]>
    </failure>
  </testcase> <!-- runScenario -->
</testsuite> <!-- Default test -->
